<?xml version="1.0" encoding="UTF-8"?>
<!-- Generated by org.testng.reporters.JUnitReportReporter -->
<testsuite hostname="DESKTOP-VJJ2I3U" failures="0" tests="1" name="test.LoginToAcademy" time="8.983" errors="0" timestamp="2025-06-20T17:06:22 IST" skipped="0">
  <testcase classname="test.LoginToAcademy" name="webLoginValid" time="8.983"/>
  <system-out/>
</testsuite> <!-- test.LoginToAcademy -->
