<?xml version="1.0" encoding="UTF-8"?>
<!-- Generated by org.testng.reporters.JUnitReportReporter -->
<testsuite hostname="DESKTOP-VJJ2I3U" failures="0" tests="1" name="test.ProductCatalogue" time="12.736" errors="0" timestamp="2025-07-03T15:41:28 IST" skipped="0">
  <testcase classname="test.ProductCatalogue" name="submitOrder" time="12.736"/>
  <system-out/>
</testsuite> <!-- test.ProductCatalogue -->
