<?xml version="1.0" encoding="UTF-8"?>
<!-- Generated by org.testng.reporters.JUnitReportReporter -->
<testsuite hostname="DESKTOP-VJJ2I3U" failures="0" tests="1" name="test.ProductCatalogue" time="14.007" errors="0" timestamp="2025-07-04T16:10:17 IST" skipped="0">
  <testcase classname="test.ProductCatalogue" name="submitOrder" time="14.007"/>
  <system-out/>
</testsuite> <!-- test.ProductCatalogue -->
