<?xml version="1.0" encoding="UTF-8"?>
<!-- Generated by org.testng.reporters.JUnitReportReporter -->
<testsuite hostname="DESKTOP-VJJ2I3U" failures="0" tests="1" name="test.LoginToAcademy" time="10.226" errors="0" timestamp="2025-06-20T16:45:17 IST" skipped="0">
  <testcase classname="test.LoginToAcademy" name="resetPassword" time="10.226"/>
  <system-out/>
</testsuite> <!-- test.LoginToAcademy -->
