<?xml version="1.0" encoding="UTF-8"?>
<!-- Generated by org.testng.reporters.JUnitReportReporter -->
<testsuite hostname="DESKTOP-VJJ2I3U" failures="0" tests="1" name="test.LoginToAcademy" time="23.585" errors="0" timestamp="2025-07-02T12:58:16 IST" skipped="0">
  <testcase classname="test.LoginToAcademy" name="webLoginValid" time="23.585"/>
  <system-out/>
</testsuite> <!-- test.LoginToAcademy -->
